<?xml version="1.0" encoding="UTF-8"?>
<!-- Generated by org.testng.reporters.JUnitXMLReporter -->
<testsuite hostname="EG-AMOHAMMAD" ignored="0" name="Default test" tests="3" failures="0" timestamp="2020-07-15T17:37:01 EET" time="73.688" errors="0">
  <testcase name="testCalFun" time="34.03" classname="com.sample.tests.CalendarTests"/>
  <testcase name="testCalRemainder" time="21.191" classname="com.sample.tests.CalendarTests"/>
  <testcase name="testCountOfEvents" time="18.372" classname="com.sample.tests.CalendarTests"/>
</testsuite> <!-- Default test -->
