<?xml version="1.0" encoding="UTF-8"?>
<!-- Generated by org.testng.reporters.JUnitXMLReporter -->
<testsuite hostname="EG-AMOHAMMAD" ignored="0" name="Scenario 1 [Create an event --&gt; chech details of the created event --&gt; chech count of events]" tests="3" failures="0" timestamp="2020-07-16T12:28:20 EET" time="28.015" errors="0">
  <testcase name="testCalFun" time="20.569" classname="com.sample.tests.CalendarTests"/>
  <testcase name="testCalRemainder" time="1.019" classname="com.sample.tests.CalendarTests"/>
  <testcase name="testCountOfEvents" time="6.275" classname="com.sample.tests.CalendarTests"/>
</testsuite> <!-- Scenario 1 [Create an event -> chech details of the created event -> chech count of events] -->
