<?xml version="1.0" encoding="UTF-8"?>
<testng-results skipped="0" failed="0" ignored="0" total="3" passed="3">
  <reporter-output>
  </reporter-output>
  <suite name="Calendar Functionality" duration-ms="28015" started-at="2020-07-16T12:27:52 EET" finished-at="2020-07-16T12:28:20 EET">
    <groups>
    </groups>
    <test name="Scenario 1 [Create an event --&gt; chech details of the created event --&gt; chech count of events]" duration-ms="28015" started-at="2020-07-16T12:27:52 EET" finished-at="2020-07-16T12:28:20 EET">
      <class name="com.sample.tests.CalendarTests">
        <test-method status="PASS" signature="testCalFun()[pri:0, instance:com.sample.tests.CalendarTests@38ba6ce3]" name="testCalFun" duration-ms="20569" started-at="2020-07-16T12:27:52 EET" finished-at="2020-07-16T12:28:12 EET">
          <reporter-output>
          </reporter-output>
        </test-method> <!-- testCalFun -->
        <test-method status="PASS" signature="testCalRemainder()[pri:0, instance:com.sample.tests.CalendarTests@38ba6ce3]" name="testCalRemainder" duration-ms="1019" started-at="2020-07-16T12:28:12 EET" finished-at="2020-07-16T12:28:13 EET">
          <reporter-output>
          </reporter-output>
        </test-method> <!-- testCalRemainder -->
        <test-method status="PASS" signature="testCountOfEvents()[pri:0, instance:com.sample.tests.CalendarTests@38ba6ce3]" name="testCountOfEvents" duration-ms="6275" started-at="2020-07-16T12:28:13 EET" finished-at="2020-07-16T12:28:20 EET">
          <reporter-output>
          </reporter-output>
        </test-method> <!-- testCountOfEvents -->
      </class> <!-- com.sample.tests.CalendarTests -->
    </test> <!-- Scenario 1 [Create an event -> chech details of the created event -> chech count of events] -->
  </suite> <!-- Calendar Functionality -->
</testng-results>
